<?xml version="1.0" encoding="UTF-8"?>
<testng-results skipped="0" failed="0" total="2" passed="2">
  <reporter-output>
  </reporter-output>
  <suite name="Suite" duration-ms="29824" started-at="2020-04-12T02:51:57Z" finished-at="2020-04-12T02:52:27Z">
    <groups>
      <group name="cucumber">
        <method signature="AbstractTestNGCucumberTests.feature(cucumber.api.testng.CucumberFeatureWrapper)[pri:0, instance:bdd.runners.RunnerClass@3551a94]" name="feature" class="cucumber.api.testng.AbstractTestNGCucumberTests"/>
      </group> <!-- cucumber -->
    </groups>
    <test name="Test" duration-ms="29824" started-at="2020-04-12T02:51:57Z" finished-at="2020-04-12T02:52:27Z">
      <class name="bdd.runners.RunnerClass">
        <test-method status="PASS" signature="setUpClass()[pri:0, instance:bdd.runners.RunnerClass@3551a94]" name="setUpClass" is-config="true" duration-ms="264" started-at="2020-04-11T22:51:57Z" finished-at="2020-04-11T22:51:57Z">
          <reporter-output>
          </reporter-output>
        </test-method> <!-- setUpClass -->
        <test-method status="PASS" signature="feature(cucumber.api.testng.CucumberFeatureWrapper)[pri:0, instance:bdd.runners.RunnerClass@3551a94]" name="feature" duration-ms="17359" started-at="2020-04-11T22:51:57Z" description="Runs Cucumber Feature" data-provider="features" finished-at="2020-04-11T22:52:15Z">
          <params>
            <param index="0">
              <value>
                <![CDATA[User able to search in Google]]>
              </value>
            </param>
          </params>
          <reporter-output>
          </reporter-output>
        </test-method> <!-- feature -->
        <test-method status="PASS" signature="feature(cucumber.api.testng.CucumberFeatureWrapper)[pri:0, instance:bdd.runners.RunnerClass@3551a94]" name="feature" duration-ms="11785" started-at="2020-04-11T22:52:15Z" description="Runs Cucumber Feature" data-provider="features" finished-at="2020-04-11T22:52:26Z">
          <params>
            <param index="0">
              <value>
                <![CDATA[Users ability to create account]]>
              </value>
            </param>
          </params>
          <reporter-output>
          </reporter-output>
        </test-method> <!-- feature -->
        <test-method status="PASS" signature="writeExtentReport()[pri:0, instance:bdd.runners.RunnerClass@3551a94]" name="writeExtentReport" is-config="true" duration-ms="14" started-at="2020-04-11T22:52:26Z" finished-at="2020-04-11T22:52:26Z">
          <reporter-output>
          </reporter-output>
        </test-method> <!-- writeExtentReport -->
        <test-method status="PASS" signature="tearDownClass()[pri:0, instance:bdd.runners.RunnerClass@3551a94]" name="tearDownClass" is-config="true" duration-ms="309" started-at="2020-04-11T22:52:26Z" finished-at="2020-04-11T22:52:27Z">
          <reporter-output>
          </reporter-output>
        </test-method> <!-- tearDownClass -->
      </class> <!-- bdd.runners.RunnerClass -->
    </test> <!-- Test -->
  </suite> <!-- Suite -->
</testng-results>
