<?xml version="1.0" encoding="UTF-8"?>
<testng-results skipped="0" failed="0" total="2" passed="2">
  <reporter-output>
  </reporter-output>
  <suite name="Suite" duration-ms="319287" started-at="2020-05-27T18:32:08Z" finished-at="2020-05-27T18:37:27Z">
    <groups>
      <group name="cucumber">
        <method signature="AbstractTestNGCucumberTests.feature(cucumber.api.testng.CucumberFeatureWrapper)[pri:0, instance:bdd.runners.RunnerClass@5c3bd550]" name="feature" class="cucumber.api.testng.AbstractTestNGCucumberTests"/>
      </group> <!-- cucumber -->
    </groups>
    <test name="Test" duration-ms="319287" started-at="2020-05-27T18:32:08Z" finished-at="2020-05-27T18:37:27Z">
      <class name="bdd.runners.RunnerClass">
        <test-method status="PASS" signature="setUpClass()[pri:0, instance:bdd.runners.RunnerClass@5c3bd550]" name="setUpClass" is-config="true" duration-ms="293" started-at="2020-05-27T14:32:08Z" finished-at="2020-05-27T14:32:08Z">
          <reporter-output>
          </reporter-output>
        </test-method> <!-- setUpClass -->
        <test-method status="PASS" signature="feature(cucumber.api.testng.CucumberFeatureWrapper)[pri:0, instance:bdd.runners.RunnerClass@5c3bd550]" name="feature" duration-ms="16185" started-at="2020-05-27T14:32:08Z" description="Runs Cucumber Feature" data-provider="features" finished-at="2020-05-27T14:32:24Z">
          <params>
            <param index="0">
              <value>
                <![CDATA[User able to search in Google]]>
              </value>
            </param>
          </params>
          <reporter-output>
          </reporter-output>
        </test-method> <!-- feature -->
        <test-method status="PASS" signature="feature(cucumber.api.testng.CucumberFeatureWrapper)[pri:0, instance:bdd.runners.RunnerClass@5c3bd550]" name="feature" duration-ms="302350" started-at="2020-05-27T14:32:24Z" description="Runs Cucumber Feature" data-provider="features" finished-at="2020-05-27T14:37:26Z">
          <params>
            <param index="0">
              <value>
                <![CDATA[Users ability to create account]]>
              </value>
            </param>
          </params>
          <reporter-output>
          </reporter-output>
        </test-method> <!-- feature -->
        <test-method status="PASS" signature="writeExtentReport()[pri:0, instance:bdd.runners.RunnerClass@5c3bd550]" name="writeExtentReport" is-config="true" duration-ms="79" started-at="2020-05-27T14:37:26Z" finished-at="2020-05-27T14:37:27Z">
          <reporter-output>
          </reporter-output>
        </test-method> <!-- writeExtentReport -->
        <test-method status="PASS" signature="tearDownClass()[pri:0, instance:bdd.runners.RunnerClass@5c3bd550]" name="tearDownClass" is-config="true" duration-ms="287" started-at="2020-05-27T14:37:27Z" finished-at="2020-05-27T14:37:27Z">
          <reporter-output>
          </reporter-output>
        </test-method> <!-- tearDownClass -->
      </class> <!-- bdd.runners.RunnerClass -->
    </test> <!-- Test -->
  </suite> <!-- Suite -->
</testng-results>
